--------------- Build Started: 07/11/2020 23:49:47 Project: 01_SDHD, Configuration: ARM GCC 5.4-2016-q2-update Debug ---------------
cydsfit.exe -.appdatapath "C:\Users\user\AppData\Local\Cypress Semiconductor\PSoC Creator\4.2" -.fdsnotice -.fdswarpdepfile=warp_dependencies.txt -.fdselabdepfile=elab_dependencies.txt -.fdsbldfile=generated_files.txt -.fdsreffile=referenced_files.txt -p "D:\Chaithra\H-DA\Study materials\SEM2\System Driven Hardware Design\Submission2\Project_SDHD\Project_SDHD\01_SDHD.cydsn\01_SDHD.cyprj" -d CY8C5888AXI-LP096 -s "D:\Chaithra\H-DA\Study materials\SEM2\System Driven Hardware Design\Submission2\Project_SDHD\Project_SDHD\01_SDHD.cydsn\Generated_Source\PSoC5" -- -yv2 -q10 -ygs -o2 -v3 -.fftcfgtype=LE
Elaborating Design...
HDL Generation...
Synthesis...
Tech Mapping...
Analog Placement...
Info: apr.M0002: Analog signal "\ADC_DelSig:Net_35\" is connected to one terminal only. (App=cydsfit)
Log: apr.M0058: The analog placement iterative improvement is 23% done. (App=cydsfit)
Log: apr.M0058: The analog placement iterative improvement is 45% done. (App=cydsfit)
Analog Routing...
Analog Code Generation...
Digital Placement...
Digital Routing...
Bitstream Generation...
Bitstream Verification...
Static timing analysis...
API Generation...
Dependency Generation...
Cleanup...
arm-none-eabi-gcc.exe -mcpu=cortex-m3 -mthumb -I. -IGenerated_Source\PSoC5 -Wa,-alh=.\CortexM3\ARM_GCC_541\Debug/main.lst -g -D DEBUG -D CY_CORE_ID=0 -Wall -ffunction-sections -ffat-lto-objects -Og -c main.c -o .\CortexM3\ARM_GCC_541\Debug\main.o
main.c: In function 'UARTtoMatlab_Transfer':
main.c:202:13: warning: passing argument 1 of 'UART_PutArray' from incompatible pointer type [-Wincompatible-pointer-types]
             ADC_DMA_Buf,        //Data buffer
             ^
In file included from Generated_Source\PSoC5/project.h:25:0,
                 from main.c:15:
Generated_Source\PSoC5/UART.h:140:10: note: expected 'const uint8 * {aka const unsigned char *}' but argument is of type 'uint16_t * {aka short unsigned int *}'
     void UART_PutArray(const uint8 string[], uint16 byteCount)
          ^
arm-none-eabi-gcc.exe -mcpu=cortex-m3 -mthumb -I. -IGenerated_Source\PSoC5 -Wa,-alh=.\CortexM3\ARM_GCC_541\Debug/cyfitter_cfg.lst -g -D DEBUG -D CY_CORE_ID=0 -Wall -ffunction-sections -ffat-lto-objects -Og -c Generated_Source\PSoC5\cyfitter_cfg.c -o .\CortexM3\ARM_GCC_541\Debug\cyfitter_cfg.o
arm-none-eabi-gcc.exe -mcpu=cortex-m3 -mthumb -I. -IGenerated_Source\PSoC5 -Wa,-alh=.\CortexM3\ARM_GCC_541\Debug/WaveDAC8.lst -g -D DEBUG -D CY_CORE_ID=0 -Wall -ffunction-sections -ffat-lto-objects -Og -c Generated_Source\PSoC5\WaveDAC8.c -o .\CortexM3\ARM_GCC_541\Debug\WaveDAC8.o
arm-none-eabi-gcc.exe -mcpu=cortex-m3 -mthumb -I. -IGenerated_Source\PSoC5 -Wa,-alh=.\CortexM3\ARM_GCC_541\Debug/WaveDAC8_PM.lst -g -D DEBUG -D CY_CORE_ID=0 -Wall -ffunction-sections -ffat-lto-objects -Og -c Generated_Source\PSoC5\WaveDAC8_PM.c -o .\CortexM3\ARM_GCC_541\Debug\WaveDAC8_PM.o
arm-none-eabi-ar.exe -rs .\CortexM3\ARM_GCC_541\Debug\01_SDHD.a .\CortexM3\ARM_GCC_541\Debug\WaveDAC8.o .\CortexM3\ARM_GCC_541\Debug\WaveDAC8_PM.o .\CortexM3\ARM_GCC_541\Debug\Pin_1.o .\CortexM3\ARM_GCC_541\Debug\WaveDAC8_DacClk.o .\CortexM3\ARM_GCC_541\Debug\WaveDAC8_Wave1_DMA_dma.o .\CortexM3\ARM_GCC_541\Debug\WaveDAC8_Wave2_DMA_dma.o .\CortexM3\ARM_GCC_541\Debug\WaveDAC8_VDAC8.o .\CortexM3\ARM_GCC_541\Debug\WaveDAC8_VDAC8_PM.o .\CortexM3\ARM_GCC_541\Debug\CyDmac.o .\CortexM3\ARM_GCC_541\Debug\CyFlash.o .\CortexM3\ARM_GCC_541\Debug\CyLib.o .\CortexM3\ARM_GCC_541\Debug\cyPm.o .\CortexM3\ARM_GCC_541\Debug\CySpc.o .\CortexM3\ARM_GCC_541\Debug\cyutils.o .\CortexM3\ARM_GCC_541\Debug\cy_em_eeprom.o .\CortexM3\ARM_GCC_541\Debug\UART.o .\CortexM3\ARM_GCC_541\Debug\UART_PM.o .\CortexM3\ARM_GCC_541\Debug\UART_INT.o .\CortexM3\ARM_GCC_541\Debug\UART_BOOT.o .\CortexM3\ARM_GCC_541\Debug\UART_IntClock.o .\CortexM3\ARM_GCC_541\Debug\Pin_2.o .\CortexM3\ARM_GCC_541\Debug\DMA_dma.o .\CortexM3\ARM_GCC_541\Debug\ADC_DelSig.o .\CortexM3\ARM_GCC_541\Debug\ADC_DelSig_PM.o .\CortexM3\ARM_GCC_541\Debug\ADC_DelSig_INT.o .\CortexM3\ARM_GCC_541\Debug\ISR_DMA.o .\CortexM3\ARM_GCC_541\Debug\Pin_PB.o .\CortexM3\ARM_GCC_541\Debug\ISR_PB.o .\CortexM3\ARM_GCC_541\Debug\ADC_DelSig_AMux.o .\CortexM3\ARM_GCC_541\Debug\ADC_DelSig_Ext_CP_Clk.o .\CortexM3\ARM_GCC_541\Debug\ADC_DelSig_IRQ.o .\CortexM3\ARM_GCC_541\Debug\ADC_DelSig_theACLK.o .\CortexM3\ARM_GCC_541\Debug\Pin_RedLED.o .\CortexM3\ARM_GCC_541\Debug\Pin_YellowLED.o .\CortexM3\ARM_GCC_541\Debug\Pin_GreenLED.o .\CortexM3\ARM_GCC_541\Debug\ISR_UART.o .\CortexM3\ARM_GCC_541\Debug\CyBootAsmGnu.o
arm-none-eabi-ar.exe: creating .\CortexM3\ARM_GCC_541\Debug\01_SDHD.a
arm-none-eabi-gcc.exe -Wl,--start-group -o "D:\Chaithra\H-DA\Study materials\SEM2\System Driven Hardware Design\Submission2\Project_SDHD\Project_SDHD\01_SDHD.cydsn\CortexM3\ARM_GCC_541\Debug\01_SDHD.elf" .\CortexM3\ARM_GCC_541\Debug\main.o .\CortexM3\ARM_GCC_541\Debug\cyfitter_cfg.o .\CortexM3\ARM_GCC_541\Debug\cymetadata.o .\CortexM3\ARM_GCC_541\Debug\Cm3Start.o .\CortexM3\ARM_GCC_541\Debug\01_SDHD.a "C:\Program Files (x86)\Cypress\PSoC Creator\4.2\PSoC Creator\psoc\content\cycomponentlibrary\CyComponentLibrary.cylib\CortexM3\ARM_GCC_541\Debug\CyComponentLibrary.a" -mcpu=cortex-m3 -mthumb -L Generated_Source\PSoC5 -Wl,-Map,.\CortexM3\ARM_GCC_541\Debug/01_SDHD.map -T Generated_Source\PSoC5\cm3gcc.ld -specs=nano.specs -Wl,--gc-sections -g -ffunction-sections -Og -ffat-lto-objects -Wl,--end-group
cyelftool.exe -C "D:\Chaithra\H-DA\Study materials\SEM2\System Driven Hardware Design\Submission2\Project_SDHD\Project_SDHD\01_SDHD.cydsn\CortexM3\ARM_GCC_541\Debug\01_SDHD.elf" --flash_row_size 256 --flash_size 262144 --flash_offset 0x00000000
No ELF section .cychecksum found, creating one
Application checksum calculated and stored in ELF section .cychecksum
Checksum calculated and stored in ELF section .cymeta
cyelftool.exe -S "D:\Chaithra\H-DA\Study materials\SEM2\System Driven Hardware Design\Submission2\Project_SDHD\Project_SDHD\01_SDHD.cydsn\CortexM3\ARM_GCC_541\Debug\01_SDHD.elf"
Flash used: 5678 of 262144 bytes (2.2%).
SRAM used: 8713 of 65536 bytes (13.3%). Stack: 2048 bytes. Heap: 128 bytes.
--------------- Build Succeeded: 07/11/2020 23:51:39 ---------------
