ARM GAS  C:\Users\user\AppData\Local\Temp\cczXTWib.s 			page 1


   1              		.syntax unified
   2              		.cpu cortex-m3
   3              		.fpu softvfp
   4              		.eabi_attribute 20, 1
   5              		.eabi_attribute 21, 1
   6              		.eabi_attribute 23, 3
   7              		.eabi_attribute 24, 1
   8              		.eabi_attribute 25, 1
   9              		.eabi_attribute 26, 1
  10              		.eabi_attribute 30, 1
  11              		.eabi_attribute 34, 1
  12              		.eabi_attribute 18, 4
  13              		.thumb
  14              		.syntax unified
  15              		.file	"cymetadata.c"
  16              		.text
  17              	.Ltext0:
  18              		.cfi_sections	.debug_frame
  19              		.global	cy_metadata
  20              		.global	cy_meta_flashprotect
  21              		.global	cy_meta_wonvl
  22              		.global	cy_meta_custnvl
  23              		.global	cy_meta_configecc
  24              		.section	.cyconfigecc,"a",%progbits
  25              		.align	2
  26              		.type	cy_meta_configecc, %object
  27              		.size	cy_meta_configecc, 1152
  28              	cy_meta_configecc:
  29 0000 01       		.byte	1
  30 0001 45       		.byte	69
  31 0002 00       		.byte	0
  32 0003 40       		.byte	64
  33 0004 02       		.byte	2
  34 0005 52       		.byte	82
  35 0006 00       		.byte	0
  36 0007 40       		.byte	64
  37 0008 01       		.byte	1
  38 0009 5A       		.byte	90
  39 000a 00       		.byte	0
  40 000b 40       		.byte	64
  41 000c 03       		.byte	3
  42 000d 64       		.byte	100
  43 000e 00       		.byte	0
  44 000f 40       		.byte	64
  45 0010 01       		.byte	1
  46 0011 01       		.byte	1
  47 0012 01       		.byte	1
  48 0013 40       		.byte	64
  49 0014 02       		.byte	2
  50 0015 03       		.byte	3
  51 0016 01       		.byte	1
  52 0017 40       		.byte	64
  53 0018 62       		.byte	98
  54 0019 0A       		.byte	10
  55 001a 01       		.byte	1
  56 001b 40       		.byte	64
  57 001c 44       		.byte	68
ARM GAS  C:\Users\user\AppData\Local\Temp\cczXTWib.s 			page 2


  58 001d 0B       		.byte	11
  59 001e 01       		.byte	1
  60 001f 40       		.byte	64
  61 0020 4F       		.byte	79
  62 0021 0C       		.byte	12
  63 0022 01       		.byte	1
  64 0023 40       		.byte	64
  65 0024 42       		.byte	66
  66 0025 0D       		.byte	13
  67 0026 01       		.byte	1
  68 0027 40       		.byte	64
  69 0028 44       		.byte	68
  70 0029 0E       		.byte	14
  71 002a 01       		.byte	1
  72 002b 40       		.byte	64
  73 002c 36       		.byte	54
  74 002d 0F       		.byte	15
  75 002e 01       		.byte	1
  76 002f 40       		.byte	64
  77 0030 01       		.byte	1
  78 0031 15       		.byte	21
  79 0032 01       		.byte	1
  80 0033 40       		.byte	64
  81 0034 01       		.byte	1
  82 0035 1B       		.byte	27
  83 0036 01       		.byte	1
  84 0037 40       		.byte	64
  85 0038 07       		.byte	7
  86 0039 40       		.byte	64
  87 003a 01       		.byte	1
  88 003b 40       		.byte	64
  89 003c 09       		.byte	9
  90 003d 41       		.byte	65
  91 003e 01       		.byte	1
  92 003f 40       		.byte	64
  93 0040 05       		.byte	5
  94 0041 42       		.byte	66
  95 0042 01       		.byte	1
  96 0043 40       		.byte	64
  97 0044 04       		.byte	4
  98 0045 43       		.byte	67
  99 0046 01       		.byte	1
 100 0047 40       		.byte	64
 101 0048 08       		.byte	8
 102 0049 44       		.byte	68
 103 004a 01       		.byte	1
 104 004b 40       		.byte	64
 105 004c 04       		.byte	4
 106 004d 45       		.byte	69
 107 004e 01       		.byte	1
 108 004f 40       		.byte	64
 109 0050 05       		.byte	5
 110 0051 46       		.byte	70
 111 0052 01       		.byte	1
 112 0053 40       		.byte	64
 113 0054 01       		.byte	1
 114 0055 47       		.byte	71
ARM GAS  C:\Users\user\AppData\Local\Temp\cczXTWib.s 			page 3


 115 0056 01       		.byte	1
 116 0057 40       		.byte	64
 117 0058 04       		.byte	4
 118 0059 48       		.byte	72
 119 005a 01       		.byte	1
 120 005b 40       		.byte	64
 121 005c 01       		.byte	1
 122 005d 49       		.byte	73
 123 005e 01       		.byte	1
 124 005f 40       		.byte	64
 125 0060 01       		.byte	1
 126 0061 4C       		.byte	76
 127 0062 01       		.byte	1
 128 0063 40       		.byte	64
 129 0064 02       		.byte	2
 130 0065 4D       		.byte	77
 131 0066 01       		.byte	1
 132 0067 40       		.byte	64
 133 0068 03       		.byte	3
 134 0069 50       		.byte	80
 135 006a 01       		.byte	1
 136 006b 40       		.byte	64
 137 006c 03       		.byte	3
 138 006d 51       		.byte	81
 139 006e 01       		.byte	1
 140 006f 40       		.byte	64
 141 0070 14       		.byte	20
 142 0071 02       		.byte	2
 143 0072 11       		.byte	17
 144 0073 02       		.byte	2
 145 0074 14       		.byte	20
 146 0075 01       		.byte	1
 147 0076 87       		.byte	-121
 148 0077 01       		.byte	1
 149 0078 8C       		.byte	-116
 150 0079 38       		.byte	56
 151 007a 8D       		.byte	-115
 152 007b 0F       		.byte	15
 153 007c 8F       		.byte	-113
 154 007d 72       		.byte	114
 155 007e E0       		.byte	-32
 156 007f 40       		.byte	64
 157 0080 E2       		.byte	-30
 158 0081 01       		.byte	1
 159 0082 EA       		.byte	-22
 160 0083 04       		.byte	4
 161 0084 03       		.byte	3
 162 0085 0C       		.byte	12
 163 0086 04       		.byte	4
 164 0087 20       		.byte	32
 165 0088 06       		.byte	6
 166 0089 05       		.byte	5
 167 008a 07       		.byte	7
 168 008b 01       		.byte	1
 169 008c 0C       		.byte	12
 170 008d 13       		.byte	19
 171 008e 0D       		.byte	13
ARM GAS  C:\Users\user\AppData\Local\Temp\cczXTWib.s 			page 4


 172 008f 50       		.byte	80
 173 0090 0E       		.byte	14
 174 0091 04       		.byte	4
 175 0092 11       		.byte	17
 176 0093 40       		.byte	64
 177 0094 15       		.byte	21
 178 0095 72       		.byte	114
 179 0096 17       		.byte	23
 180 0097 08       		.byte	8
 181 0098 19       		.byte	25
 182 0099 24       		.byte	36
 183 009a 1A       		.byte	26
 184 009b 08       		.byte	8
 185 009c 1B       		.byte	27
 186 009d 40       		.byte	64
 187 009e 1C       		.byte	28
 188 009f 13       		.byte	19
 189 00a0 1E       		.byte	30
 190 00a1 0C       		.byte	12
 191 00a2 21       		.byte	33
 192 00a3 43       		.byte	67
 193 00a4 23       		.byte	35
 194 00a5 30       		.byte	48
 195 00a6 24       		.byte	36
 196 00a7 03       		.byte	3
 197 00a8 26       		.byte	38
 198 00a9 04       		.byte	4
 199 00aa 28       		.byte	40
 200 00ab 0A       		.byte	10
 201 00ac 2A       		.byte	42
 202 00ad 14       		.byte	20
 203 00ae 2D       		.byte	45
 204 00af 33       		.byte	51
 205 00b0 2F       		.byte	47
 206 00b1 44       		.byte	68
 207 00b2 30       		.byte	48
 208 00b3 0F       		.byte	15
 209 00b4 31       		.byte	49
 210 00b5 7C       		.byte	124
 211 00b6 34       		.byte	52
 212 00b7 30       		.byte	48
 213 00b8 35       		.byte	53
 214 00b9 03       		.byte	3
 215 00ba 38       		.byte	56
 216 00bb 20       		.byte	32
 217 00bc 39       		.byte	57
 218 00bd 20       		.byte	32
 219 00be 3A       		.byte	58
 220 00bf 02       		.byte	2
 221 00c0 3F       		.byte	63
 222 00c1 10       		.byte	16
 223 00c2 40       		.byte	64
 224 00c3 46       		.byte	70
 225 00c4 41       		.byte	65
 226 00c5 05       		.byte	5
 227 00c6 45       		.byte	69
 228 00c7 0C       		.byte	12
ARM GAS  C:\Users\user\AppData\Local\Temp\cczXTWib.s 			page 5


 229 00c8 46       		.byte	70
 230 00c9 EB       		.byte	-21
 231 00ca 48       		.byte	72
 232 00cb 0D       		.byte	13
 233 00cc 49       		.byte	73
 234 00cd FF       		.byte	-1
 235 00ce 4A       		.byte	74
 236 00cf FF       		.byte	-1
 237 00d0 4B       		.byte	75
 238 00d1 FF       		.byte	-1
 239 00d2 4E       		.byte	78
 240 00d3 F0       		.byte	-16
 241 00d4 4F       		.byte	79
 242 00d5 44       		.byte	68
 243 00d6 50       		.byte	80
 244 00d7 0C       		.byte	12
 245 00d8 58       		.byte	88
 246 00d9 04       		.byte	4
 247 00da 59       		.byte	89
 248 00db 04       		.byte	4
 249 00dc 5A       		.byte	90
 250 00dd 04       		.byte	4
 251 00de 5C       		.byte	92
 252 00df 11       		.byte	17
 253 00e0 5D       		.byte	93
 254 00e1 01       		.byte	1
 255 00e2 5F       		.byte	95
 256 00e3 01       		.byte	1
 257 00e4 66       		.byte	102
 258 00e5 C0       		.byte	-64
 259 00e6 6A       		.byte	106
 260 00e7 40       		.byte	64
 261 00e8 6B       		.byte	107
 262 00e9 02       		.byte	2
 263 00ea 81       		.byte	-127
 264 00eb 01       		.byte	1
 265 00ec 82       		.byte	-126
 266 00ed 05       		.byte	5
 267 00ee 83       		.byte	-125
 268 00ef 0E       		.byte	14
 269 00f0 84       		.byte	-124
 270 00f1 06       		.byte	6
 271 00f2 85       		.byte	-123
 272 00f3 30       		.byte	48
 273 00f4 86       		.byte	-122
 274 00f5 01       		.byte	1
 275 00f6 89       		.byte	-119
 276 00f7 30       		.byte	48
 277 00f8 8A       		.byte	-118
 278 00f9 01       		.byte	1
 279 00fa 8E       		.byte	-114
 280 00fb 03       		.byte	3
 281 00fc 91       		.byte	-111
 282 00fd 01       		.byte	1
 283 00fe 93       		.byte	-109
 284 00ff 06       		.byte	6
 285 0100 95       		.byte	-107
ARM GAS  C:\Users\user\AppData\Local\Temp\cczXTWib.s 			page 6


 286 0101 0C       		.byte	12
 287 0102 96       		.byte	-106
 288 0103 06       		.byte	6
 289 0104 97       		.byte	-105
 290 0105 03       		.byte	3
 291 0106 99       		.byte	-103
 292 0107 20       		.byte	32
 293 0108 9B       		.byte	-101
 294 0109 10       		.byte	16
 295 010a 9D       		.byte	-99
 296 010b 10       		.byte	16
 297 010c 9F       		.byte	-97
 298 010d 20       		.byte	32
 299 010e A7       		.byte	-89
 300 010f 0C       		.byte	12
 301 0110 AB       		.byte	-85
 302 0111 03       		.byte	3
 303 0112 AE       		.byte	-82
 304 0113 02       		.byte	2
 305 0114 AF       		.byte	-81
 306 0115 08       		.byte	8
 307 0116 B0       		.byte	-80
 308 0117 07       		.byte	7
 309 0118 B3       		.byte	-77
 310 0119 0F       		.byte	15
 311 011a B5       		.byte	-75
 312 011b 30       		.byte	48
 313 011c BA       		.byte	-70
 314 011d 02       		.byte	2
 315 011e BB       		.byte	-69
 316 011f 08       		.byte	8
 317 0120 C0       		.byte	-64
 318 0121 02       		.byte	2
 319 0122 C7       		.byte	-57
 320 0123 40       		.byte	64
 321 0124 C9       		.byte	-55
 322 0125 FF       		.byte	-1
 323 0126 CA       		.byte	-54
 324 0127 07       		.byte	7
 325 0128 CB       		.byte	-53
 326 0129 FF       		.byte	-1
 327 012a CC       		.byte	-52
 328 012b 40       		.byte	64
 329 012c CD       		.byte	-51
 330 012d 20       		.byte	32
 331 012e CE       		.byte	-50
 332 012f F0       		.byte	-16
 333 0130 CF       		.byte	-49
 334 0131 05       		.byte	5
 335 0132 D0       		.byte	-48
 336 0133 08       		.byte	8
 337 0134 D8       		.byte	-40
 338 0135 04       		.byte	4
 339 0136 D9       		.byte	-39
 340 0137 04       		.byte	4
 341 0138 DA       		.byte	-38
 342 0139 04       		.byte	4
ARM GAS  C:\Users\user\AppData\Local\Temp\cczXTWib.s 			page 7


 343 013a DC       		.byte	-36
 344 013b 11       		.byte	17
 345 013c DD       		.byte	-35
 346 013d 01       		.byte	1
 347 013e DF       		.byte	-33
 348 013f 01       		.byte	1
 349 0140 E0       		.byte	-32
 350 0141 40       		.byte	64
 351 0142 E1       		.byte	-31
 352 0143 A8       		.byte	-88
 353 0144 E2       		.byte	-30
 354 0145 40       		.byte	64
 355 0146 E3       		.byte	-29
 356 0147 20       		.byte	32
 357 0148 00       		.byte	0
 358 0149 08       		.byte	8
 359 014a 03       		.byte	3
 360 014b 02       		.byte	2
 361 014c 05       		.byte	5
 362 014d 41       		.byte	65
 363 014e 06       		.byte	6
 364 014f 04       		.byte	4
 365 0150 07       		.byte	7
 366 0151 10       		.byte	16
 367 0152 08       		.byte	8
 368 0153 80       		.byte	-128
 369 0154 0A       		.byte	10
 370 0155 08       		.byte	8
 371 0156 0F       		.byte	15
 372 0157 20       		.byte	32
 373 0158 10       		.byte	16
 374 0159 20       		.byte	32
 375 015a 12       		.byte	18
 376 015b 08       		.byte	8
 377 015c 16       		.byte	22
 378 015d 01       		.byte	1
 379 015e 19       		.byte	25
 380 015f 01       		.byte	1
 381 0160 1A       		.byte	26
 382 0161 08       		.byte	8
 383 0162 1B       		.byte	27
 384 0163 30       		.byte	48
 385 0164 1F       		.byte	31
 386 0165 02       		.byte	2
 387 0166 21       		.byte	33
 388 0167 21       		.byte	33
 389 0168 22       		.byte	34
 390 0169 01       		.byte	1
 391 016a 25       		.byte	37
 392 016b 08       		.byte	8
 393 016c 26       		.byte	38
 394 016d 18       		.byte	24
 395 016e 27       		.byte	39
 396 016f 10       		.byte	16
 397 0170 28       		.byte	40
 398 0171 80       		.byte	-128
 399 0172 29       		.byte	41
ARM GAS  C:\Users\user\AppData\Local\Temp\cczXTWib.s 			page 8


 400 0173 41       		.byte	65
 401 0174 2B       		.byte	43
 402 0175 03       		.byte	3
 403 0176 2C       		.byte	44
 404 0177 09       		.byte	9
 405 0178 2F       		.byte	47
 406 0179 20       		.byte	32
 407 017a 30       		.byte	48
 408 017b 01       		.byte	1
 409 017c 31       		.byte	49
 410 017d 0A       		.byte	10
 411 017e 33       		.byte	51
 412 017f 20       		.byte	32
 413 0180 35       		.byte	53
 414 0181 01       		.byte	1
 415 0182 36       		.byte	54
 416 0183 98       		.byte	-104
 417 0184 38       		.byte	56
 418 0185 80       		.byte	-128
 419 0186 39       		.byte	57
 420 0187 02       		.byte	2
 421 0188 3A       		.byte	58
 422 0189 04       		.byte	4
 423 018a 3E       		.byte	62
 424 018b 14       		.byte	20
 425 018c 3F       		.byte	63
 426 018d 02       		.byte	2
 427 018e 40       		.byte	64
 428 018f 80       		.byte	-128
 429 0190 45       		.byte	69
 430 0191 20       		.byte	32
 431 0192 48       		.byte	72
 432 0193 28       		.byte	40
 433 0194 49       		.byte	73
 434 0195 44       		.byte	68
 435 0196 50       		.byte	80
 436 0197 40       		.byte	64
 437 0198 53       		.byte	83
 438 0199 10       		.byte	16
 439 019a 54       		.byte	84
 440 019b 0C       		.byte	12
 441 019c 55       		.byte	85
 442 019d 02       		.byte	2
 443 019e 56       		.byte	86
 444 019f 05       		.byte	5
 445 01a0 92       		.byte	-110
 446 01a1 14       		.byte	20
 447 01a2 96       		.byte	-106
 448 01a3 02       		.byte	2
 449 01a4 97       		.byte	-105
 450 01a5 20       		.byte	32
 451 01a6 9C       		.byte	-100
 452 01a7 80       		.byte	-128
 453 01a8 9D       		.byte	-99
 454 01a9 04       		.byte	4
 455 01aa 9E       		.byte	-98
 456 01ab 04       		.byte	4
ARM GAS  C:\Users\user\AppData\Local\Temp\cczXTWib.s 			page 9


 457 01ac A2       		.byte	-94
 458 01ad 80       		.byte	-128
 459 01ae A6       		.byte	-90
 460 01af 18       		.byte	24
 461 01b0 A7       		.byte	-89
 462 01b1 02       		.byte	2
 463 01b2 AB       		.byte	-85
 464 01b3 80       		.byte	-128
 465 01b4 AF       		.byte	-81
 466 01b5 12       		.byte	18
 467 01b6 B1       		.byte	-79
 468 01b7 20       		.byte	32
 469 01b8 B2       		.byte	-78
 470 01b9 40       		.byte	64
 471 01ba B6       		.byte	-74
 472 01bb 84       		.byte	-124
 473 01bc B7       		.byte	-73
 474 01bd 01       		.byte	1
 475 01be C0       		.byte	-64
 476 01bf F5       		.byte	-11
 477 01c0 C2       		.byte	-62
 478 01c1 23       		.byte	35
 479 01c2 C4       		.byte	-60
 480 01c3 86       		.byte	-122
 481 01c4 CA       		.byte	-54
 482 01c5 79       		.byte	121
 483 01c6 CC       		.byte	-52
 484 01c7 F7       		.byte	-9
 485 01c8 CE       		.byte	-50
 486 01c9 EB       		.byte	-21
 487 01ca D0       		.byte	-48
 488 01cb 21       		.byte	33
 489 01cc D2       		.byte	-46
 490 01cd 0C       		.byte	12
 491 01ce EC       		.byte	-20
 492 01cf 04       		.byte	4
 493 01d0 02       		.byte	2
 494 01d1 04       		.byte	4
 495 01d2 05       		.byte	5
 496 01d3 07       		.byte	7
 497 01d4 06       		.byte	6
 498 01d5 08       		.byte	8
 499 01d6 08       		.byte	8
 500 01d7 08       		.byte	8
 501 01d8 09       		.byte	9
 502 01d9 07       		.byte	7
 503 01da 0E       		.byte	14
 504 01db 04       		.byte	4
 505 01dc 12       		.byte	18
 506 01dd 02       		.byte	2
 507 01de 14       		.byte	20
 508 01df 08       		.byte	8
 509 01e0 15       		.byte	21
 510 01e1 01       		.byte	1
 511 01e2 17       		.byte	23
 512 01e3 0E       		.byte	14
 513 01e4 19       		.byte	25
ARM GAS  C:\Users\user\AppData\Local\Temp\cczXTWib.s 			page 10


 514 01e5 04       		.byte	4
 515 01e6 1A       		.byte	26
 516 01e7 02       		.byte	2
 517 01e8 1B       		.byte	27
 518 01e9 11       		.byte	17
 519 01ea 1E       		.byte	30
 520 01eb 08       		.byte	8
 521 01ec 20       		.byte	32
 522 01ed 01       		.byte	1
 523 01ee 24       		.byte	36
 524 01ef 01       		.byte	1
 525 01f0 28       		.byte	40
 526 01f1 01       		.byte	1
 527 01f2 2D       		.byte	45
 528 01f3 02       		.byte	2
 529 01f4 2F       		.byte	47
 530 01f5 31       		.byte	49
 531 01f6 30       		.byte	48
 532 01f7 08       		.byte	8
 533 01f8 31       		.byte	49
 534 01f9 18       		.byte	24
 535 01fa 32       		.byte	50
 536 01fb 02       		.byte	2
 537 01fc 33       		.byte	51
 538 01fd 20       		.byte	32
 539 01fe 34       		.byte	52
 540 01ff 04       		.byte	4
 541 0200 35       		.byte	53
 542 0201 07       		.byte	7
 543 0202 36       		.byte	54
 544 0203 01       		.byte	1
 545 0204 38       		.byte	56
 546 0205 02       		.byte	2
 547 0206 3E       		.byte	62
 548 0207 14       		.byte	20
 549 0208 3F       		.byte	63
 550 0209 01       		.byte	1
 551 020a 40       		.byte	64
 552 020b 34       		.byte	52
 553 020c 41       		.byte	65
 554 020d 06       		.byte	6
 555 020e 42       		.byte	66
 556 020f 05       		.byte	5
 557 0210 44       		.byte	68
 558 0211 01       		.byte	1
 559 0212 46       		.byte	70
 560 0213 EC       		.byte	-20
 561 0214 48       		.byte	72
 562 0215 0C       		.byte	12
 563 0216 49       		.byte	73
 564 0217 FF       		.byte	-1
 565 0218 4A       		.byte	74
 566 0219 FF       		.byte	-1
 567 021a 4B       		.byte	75
 568 021b FF       		.byte	-1
 569 021c 4C       		.byte	76
 570 021d 62       		.byte	98
ARM GAS  C:\Users\user\AppData\Local\Temp\cczXTWib.s 			page 11


 571 021e 4D       		.byte	77
 572 021f A0       		.byte	-96
 573 0220 4E       		.byte	78
 574 0221 F0       		.byte	-16
 575 0222 4F       		.byte	79
 576 0223 41       		.byte	65
 577 0224 50       		.byte	80
 578 0225 0C       		.byte	12
 579 0226 54       		.byte	84
 580 0227 18       		.byte	24
 581 0228 56       		.byte	86
 582 0229 04       		.byte	4
 583 022a 58       		.byte	88
 584 022b 04       		.byte	4
 585 022c 59       		.byte	89
 586 022d 04       		.byte	4
 587 022e 5A       		.byte	90
 588 022f 04       		.byte	4
 589 0230 5B       		.byte	91
 590 0231 04       		.byte	4
 591 0232 5C       		.byte	92
 592 0233 11       		.byte	17
 593 0234 5D       		.byte	93
 594 0235 11       		.byte	17
 595 0236 5F       		.byte	95
 596 0237 01       		.byte	1
 597 0238 66       		.byte	102
 598 0239 40       		.byte	64
 599 023a 67       		.byte	103
 600 023b 02       		.byte	2
 601 023c 69       		.byte	105
 602 023d 10       		.byte	16
 603 023e 6A       		.byte	106
 604 023f 30       		.byte	48
 605 0240 6B       		.byte	107
 606 0241 10       		.byte	16
 607 0242 6D       		.byte	109
 608 0243 10       		.byte	16
 609 0244 6E       		.byte	110
 610 0245 10       		.byte	16
 611 0246 6F       		.byte	111
 612 0247 12       		.byte	18
 613 0248 87       		.byte	-121
 614 0249 02       		.byte	2
 615 024a 89       		.byte	-119
 616 024b 01       		.byte	1
 617 024c 97       		.byte	-105
 618 024d 02       		.byte	2
 619 024e 9C       		.byte	-100
 620 024f 01       		.byte	1
 621 0250 A1       		.byte	-95
 622 0251 02       		.byte	2
 623 0252 A7       		.byte	-89
 624 0253 02       		.byte	2
 625 0254 AD       		.byte	-83
 626 0255 02       		.byte	2
 627 0256 B3       		.byte	-77
ARM GAS  C:\Users\user\AppData\Local\Temp\cczXTWib.s 			page 12


 628 0257 01       		.byte	1
 629 0258 B6       		.byte	-74
 630 0259 01       		.byte	1
 631 025a B7       		.byte	-73
 632 025b 02       		.byte	2
 633 025c BE       		.byte	-66
 634 025d 40       		.byte	64
 635 025e BF       		.byte	-65
 636 025f 44       		.byte	68
 637 0260 D4       		.byte	-44
 638 0261 01       		.byte	1
 639 0262 D6       		.byte	-42
 640 0263 04       		.byte	4
 641 0264 D8       		.byte	-40
 642 0265 04       		.byte	4
 643 0266 D9       		.byte	-39
 644 0267 04       		.byte	4
 645 0268 DB       		.byte	-37
 646 0269 04       		.byte	4
 647 026a DD       		.byte	-35
 648 026b 10       		.byte	16
 649 026c DF       		.byte	-33
 650 026d 01       		.byte	1
 651 026e 04       		.byte	4
 652 026f 48       		.byte	72
 653 0270 05       		.byte	5
 654 0271 A0       		.byte	-96
 655 0272 06       		.byte	6
 656 0273 80       		.byte	-128
 657 0274 0A       		.byte	10
 658 0275 02       		.byte	2
 659 0276 0C       		.byte	12
 660 0277 20       		.byte	32
 661 0278 0D       		.byte	13
 662 0279 08       		.byte	8
 663 027a 0E       		.byte	14
 664 027b 40       		.byte	64
 665 027c 0F       		.byte	15
 666 027d 01       		.byte	1
 667 027e 17       		.byte	23
 668 027f 15       		.byte	21
 669 0280 1B       		.byte	27
 670 0281 80       		.byte	-128
 671 0282 1D       		.byte	29
 672 0283 20       		.byte	32
 673 0284 1E       		.byte	30
 674 0285 41       		.byte	65
 675 0286 1F       		.byte	31
 676 0287 04       		.byte	4
 677 0288 22       		.byte	34
 678 0289 44       		.byte	68
 679 028a 25       		.byte	37
 680 028b 04       		.byte	4
 681 028c 27       		.byte	39
 682 028d 48       		.byte	72
 683 028e 28       		.byte	40
 684 028f 90       		.byte	-112
ARM GAS  C:\Users\user\AppData\Local\Temp\cczXTWib.s 			page 13


 685 0290 29       		.byte	41
 686 0291 04       		.byte	4
 687 0292 2B       		.byte	43
 688 0293 02       		.byte	2
 689 0294 2F       		.byte	47
 690 0295 01       		.byte	1
 691 0296 32       		.byte	50
 692 0297 08       		.byte	8
 693 0298 35       		.byte	53
 694 0299 10       		.byte	16
 695 029a 36       		.byte	54
 696 029b 10       		.byte	16
 697 029c 37       		.byte	55
 698 029d 08       		.byte	8
 699 029e 3A       		.byte	58
 700 029f 04       		.byte	4
 701 02a0 3B       		.byte	59
 702 02a1 20       		.byte	32
 703 02a2 3D       		.byte	61
 704 02a3 03       		.byte	3
 705 02a4 3E       		.byte	62
 706 02a5 15       		.byte	21
 707 02a6 45       		.byte	69
 708 02a7 09       		.byte	9
 709 02a8 47       		.byte	71
 710 02a9 40       		.byte	64
 711 02aa 4D       		.byte	77
 712 02ab A0       		.byte	-96
 713 02ac 4F       		.byte	79
 714 02ad 10       		.byte	16
 715 02ae 54       		.byte	84
 716 02af 20       		.byte	32
 717 02b0 56       		.byte	86
 718 02b1 80       		.byte	-128
 719 02b2 58       		.byte	88
 720 02b3 10       		.byte	16
 721 02b4 5A       		.byte	90
 722 02b5 88       		.byte	-120
 723 02b6 5B       		.byte	91
 724 02b7 02       		.byte	2
 725 02b8 5E       		.byte	94
 726 02b9 02       		.byte	2
 727 02ba 62       		.byte	98
 728 02bb 02       		.byte	2
 729 02bc 65       		.byte	101
 730 02bd 01       		.byte	1
 731 02be 66       		.byte	102
 732 02bf 40       		.byte	64
 733 02c0 67       		.byte	103
 734 02c1 08       		.byte	8
 735 02c2 82       		.byte	-126
 736 02c3 02       		.byte	2
 737 02c4 8F       		.byte	-113
 738 02c5 48       		.byte	72
 739 02c6 90       		.byte	-112
 740 02c7 48       		.byte	72
 741 02c8 92       		.byte	-110
ARM GAS  C:\Users\user\AppData\Local\Temp\cczXTWib.s 			page 14


 742 02c9 14       		.byte	20
 743 02ca 93       		.byte	-109
 744 02cb 11       		.byte	17
 745 02cc 95       		.byte	-107
 746 02cd 01       		.byte	1
 747 02ce 9B       		.byte	-101
 748 02cf 15       		.byte	21
 749 02d0 9D       		.byte	-99
 750 02d1 11       		.byte	17
 751 02d2 A1       		.byte	-95
 752 02d3 08       		.byte	8
 753 02d4 A2       		.byte	-94
 754 02d5 01       		.byte	1
 755 02d6 A5       		.byte	-91
 756 02d7 04       		.byte	4
 757 02d8 A6       		.byte	-90
 758 02d9 84       		.byte	-124
 759 02da A7       		.byte	-89
 760 02db 40       		.byte	64
 761 02dc A9       		.byte	-87
 762 02dd 01       		.byte	1
 763 02de C0       		.byte	-64
 764 02df F0       		.byte	-16
 765 02e0 C2       		.byte	-62
 766 02e1 F1       		.byte	-15
 767 02e2 C4       		.byte	-60
 768 02e3 70       		.byte	112
 769 02e4 CA       		.byte	-54
 770 02e5 1B       		.byte	27
 771 02e6 CC       		.byte	-52
 772 02e7 62       		.byte	98
 773 02e8 CE       		.byte	-50
 774 02e9 66       		.byte	102
 775 02ea D0       		.byte	-48
 776 02eb D0       		.byte	-48
 777 02ec D2       		.byte	-46
 778 02ed 30       		.byte	48
 779 02ee D6       		.byte	-42
 780 02ef 8F       		.byte	-113
 781 02f0 D8       		.byte	-40
 782 02f1 B1       		.byte	-79
 783 02f2 00       		.byte	0
 784 02f3 01       		.byte	1
 785 02f4 01       		.byte	1
 786 02f5 04       		.byte	4
 787 02f6 05       		.byte	5
 788 02f7 06       		.byte	6
 789 02f8 07       		.byte	7
 790 02f9 01       		.byte	1
 791 02fa 08       		.byte	8
 792 02fb 01       		.byte	1
 793 02fc 09       		.byte	9
 794 02fd 06       		.byte	6
 795 02fe 11       		.byte	17
 796 02ff 07       		.byte	7
 797 0300 14       		.byte	20
 798 0301 01       		.byte	1
ARM GAS  C:\Users\user\AppData\Local\Temp\cczXTWib.s 			page 15


 799 0302 15       		.byte	21
 800 0303 01       		.byte	1
 801 0304 17       		.byte	23
 802 0305 06       		.byte	6
 803 0306 1F       		.byte	31
 804 0307 01       		.byte	1
 805 0308 21       		.byte	33
 806 0309 06       		.byte	6
 807 030a 23       		.byte	35
 808 030b 01       		.byte	1
 809 030c 25       		.byte	37
 810 030d 02       		.byte	2
 811 030e 28       		.byte	40
 812 030f 01       		.byte	1
 813 0310 36       		.byte	54
 814 0311 01       		.byte	1
 815 0312 37       		.byte	55
 816 0313 07       		.byte	7
 817 0314 3B       		.byte	59
 818 0315 88       		.byte	-120
 819 0316 3E       		.byte	62
 820 0317 40       		.byte	64
 821 0318 58       		.byte	88
 822 0319 04       		.byte	4
 823 031a 59       		.byte	89
 824 031b 04       		.byte	4
 825 031c 5C       		.byte	92
 826 031d 10       		.byte	16
 827 031e 5F       		.byte	95
 828 031f 01       		.byte	1
 829 0320 80       		.byte	-128
 830 0321 03       		.byte	3
 831 0322 81       		.byte	-127
 832 0323 10       		.byte	16
 833 0324 84       		.byte	-124
 834 0325 1C       		.byte	28
 835 0326 86       		.byte	-122
 836 0327 03       		.byte	3
 837 0328 87       		.byte	-121
 838 0329 04       		.byte	4
 839 032a 88       		.byte	-120
 840 032b 02       		.byte	2
 841 032c 89       		.byte	-119
 842 032d 18       		.byte	24
 843 032e 8C       		.byte	-116
 844 032f 08       		.byte	8
 845 0330 8D       		.byte	-115
 846 0331 60       		.byte	96
 847 0332 90       		.byte	-112
 848 0333 1F       		.byte	31
 849 0334 91       		.byte	-111
 850 0335 1C       		.byte	28
 851 0336 93       		.byte	-109
 852 0337 61       		.byte	97
 853 0338 94       		.byte	-108
 854 0339 13       		.byte	19
 855 033a 95       		.byte	-107
ARM GAS  C:\Users\user\AppData\Local\Temp\cczXTWib.s 			page 16


 856 033b 1C       		.byte	28
 857 033c 96       		.byte	-106
 858 033d 0C       		.byte	12
 859 033e 97       		.byte	-105
 860 033f 62       		.byte	98
 861 0340 98       		.byte	-104
 862 0341 01       		.byte	1
 863 0342 99       		.byte	-103
 864 0343 40       		.byte	64
 865 0344 9C       		.byte	-100
 866 0345 0F       		.byte	15
 867 0346 9D       		.byte	-99
 868 0347 24       		.byte	36
 869 0348 9E       		.byte	-98
 870 0349 10       		.byte	16
 871 034a A2       		.byte	-94
 872 034b 13       		.byte	19
 873 034c A3       		.byte	-93
 874 034d 63       		.byte	99
 875 034e A4       		.byte	-92
 876 034f 04       		.byte	4
 877 0350 A5       		.byte	-91
 878 0351 08       		.byte	8
 879 0352 A8       		.byte	-88
 880 0353 0C       		.byte	12
 881 0354 A9       		.byte	-87
 882 0355 67       		.byte	103
 883 0356 AB       		.byte	-85
 884 0357 18       		.byte	24
 885 0358 AD       		.byte	-83
 886 0359 7F       		.byte	127
 887 035a B0       		.byte	-80
 888 035b 1C       		.byte	28
 889 035c B1       		.byte	-79
 890 035d 60       		.byte	96
 891 035e B2       		.byte	-78
 892 035f 0F       		.byte	15
 893 0360 B5       		.byte	-75
 894 0361 1F       		.byte	31
 895 0362 B9       		.byte	-71
 896 0363 08       		.byte	8
 897 0364 BA       		.byte	-70
 898 0365 08       		.byte	8
 899 0366 BB       		.byte	-69
 900 0367 20       		.byte	32
 901 0368 BF       		.byte	-65
 902 0369 04       		.byte	4
 903 036a D6       		.byte	-42
 904 036b 02       		.byte	2
 905 036c D7       		.byte	-41
 906 036d 10       		.byte	16
 907 036e D8       		.byte	-40
 908 036f 04       		.byte	4
 909 0370 D9       		.byte	-39
 910 0371 04       		.byte	4
 911 0372 DB       		.byte	-37
 912 0373 04       		.byte	4
ARM GAS  C:\Users\user\AppData\Local\Temp\cczXTWib.s 			page 17


 913 0374 DC       		.byte	-36
 914 0375 11       		.byte	17
 915 0376 DD       		.byte	-35
 916 0377 10       		.byte	16
 917 0378 DF       		.byte	-33
 918 0379 01       		.byte	1
 919 037a 00       		.byte	0
 920 037b 11       		.byte	17
 921 037c 01       		.byte	1
 922 037d 02       		.byte	2
 923 037e 04       		.byte	4
 924 037f 08       		.byte	8
 925 0380 05       		.byte	5
 926 0381 10       		.byte	16
 927 0382 06       		.byte	6
 928 0383 81       		.byte	-127
 929 0384 0B       		.byte	11
 930 0385 10       		.byte	16
 931 0386 0D       		.byte	13
 932 0387 08       		.byte	8
 933 0388 0E       		.byte	14
 934 0389 48       		.byte	72
 935 038a 0F       		.byte	15
 936 038b 01       		.byte	1
 937 038c 10       		.byte	16
 938 038d 04       		.byte	4
 939 038e 11       		.byte	17
 940 038f 20       		.byte	32
 941 0390 14       		.byte	20
 942 0391 40       		.byte	64
 943 0392 15       		.byte	21
 944 0393 01       		.byte	1
 945 0394 17       		.byte	23
 946 0395 28       		.byte	40
 947 0396 19       		.byte	25
 948 0397 80       		.byte	-128
 949 0398 1C       		.byte	28
 950 0399 50       		.byte	80
 951 039a 1D       		.byte	29
 952 039b 08       		.byte	8
 953 039c 1F       		.byte	31
 954 039d 08       		.byte	8
 955 039e 20       		.byte	32
 956 039f 01       		.byte	1
 957 03a0 23       		.byte	35
 958 03a1 11       		.byte	17
 959 03a2 24       		.byte	36
 960 03a3 08       		.byte	8
 961 03a4 25       		.byte	37
 962 03a5 10       		.byte	16
 963 03a6 26       		.byte	38
 964 03a7 09       		.byte	9
 965 03a8 29       		.byte	41
 966 03a9 02       		.byte	2
 967 03aa 2A       		.byte	42
 968 03ab 08       		.byte	8
 969 03ac 2D       		.byte	45
ARM GAS  C:\Users\user\AppData\Local\Temp\cczXTWib.s 			page 18


 970 03ad 01       		.byte	1
 971 03ae 2E       		.byte	46
 972 03af 48       		.byte	72
 973 03b0 2F       		.byte	47
 974 03b1 0A       		.byte	10
 975 03b2 30       		.byte	48
 976 03b3 40       		.byte	64
 977 03b4 31       		.byte	49
 978 03b5 08       		.byte	8
 979 03b6 33       		.byte	51
 980 03b7 02       		.byte	2
 981 03b8 34       		.byte	52
 982 03b9 04       		.byte	4
 983 03ba 35       		.byte	53
 984 03bb 12       		.byte	18
 985 03bc 36       		.byte	54
 986 03bd 80       		.byte	-128
 987 03be 38       		.byte	56
 988 03bf 08       		.byte	8
 989 03c0 3A       		.byte	58
 990 03c1 21       		.byte	33
 991 03c2 3D       		.byte	61
 992 03c3 08       		.byte	8
 993 03c4 3E       		.byte	62
 994 03c5 A2       		.byte	-94
 995 03c6 3F       		.byte	63
 996 03c7 80       		.byte	-128
 997 03c8 5D       		.byte	93
 998 03c9 80       		.byte	-128
 999 03ca 6E       		.byte	110
 1000 03cb 14       		.byte	20
 1001 03cc 6F       		.byte	111
 1002 03cd 15       		.byte	21
 1003 03ce 76       		.byte	118
 1004 03cf 2B       		.byte	43
 1005 03d0 77       		.byte	119
 1006 03d1 28       		.byte	40
 1007 03d2 8B       		.byte	-117
 1008 03d3 12       		.byte	18
 1009 03d4 8E       		.byte	-114
 1010 03d5 08       		.byte	8
 1011 03d6 C0       		.byte	-64
 1012 03d7 FA       		.byte	-6
 1013 03d8 C2       		.byte	-62
 1014 03d9 F4       		.byte	-12
 1015 03da C4       		.byte	-60
 1016 03db 72       		.byte	114
 1017 03dc CA       		.byte	-54
 1018 03dd F3       		.byte	-13
 1019 03de CC       		.byte	-52
 1020 03df FB       		.byte	-5
 1021 03e0 CE       		.byte	-50
 1022 03e1 F7       		.byte	-9
 1023 03e2 D6       		.byte	-42
 1024 03e3 10       		.byte	16
 1025 03e4 E0       		.byte	-32
 1026 03e5 40       		.byte	64
ARM GAS  C:\Users\user\AppData\Local\Temp\cczXTWib.s 			page 19


 1027 03e6 EC       		.byte	-20
 1028 03e7 80       		.byte	-128
 1029 03e8 EC       		.byte	-20
 1030 03e9 80       		.byte	-128
 1031 03ea 32       		.byte	50
 1032 03eb 02       		.byte	2
 1033 03ec 33       		.byte	51
 1034 03ed 80       		.byte	-128
 1035 03ee 37       		.byte	55
 1036 03ef 10       		.byte	16
 1037 03f0 3C       		.byte	60
 1038 03f1 40       		.byte	64
 1039 03f2 8C       		.byte	-116
 1040 03f3 40       		.byte	64
 1041 03f4 CC       		.byte	-52
 1042 03f5 70       		.byte	112
 1043 03f6 CE       		.byte	-50
 1044 03f7 20       		.byte	32
 1045 03f8 11       		.byte	17
 1046 03f9 40       		.byte	64
 1047 03fa 82       		.byte	-126
 1048 03fb 02       		.byte	2
 1049 03fc 94       		.byte	-108
 1050 03fd 40       		.byte	64
 1051 03fe A6       		.byte	-90
 1052 03ff 02       		.byte	2
 1053 0400 A7       		.byte	-89
 1054 0401 80       		.byte	-128
 1055 0402 AB       		.byte	-85
 1056 0403 10       		.byte	16
 1057 0404 C4       		.byte	-60
 1058 0405 40       		.byte	64
 1059 0406 E2       		.byte	-30
 1060 0407 80       		.byte	-128
 1061 0408 EA       		.byte	-22
 1062 0409 20       		.byte	32
 1063 040a 4F       		.byte	79
 1064 040b 40       		.byte	64
 1065 040c 94       		.byte	-108
 1066 040d 40       		.byte	64
 1067 040e A9       		.byte	-87
 1068 040f 40       		.byte	64
 1069 0410 AB       		.byte	-85
 1070 0411 80       		.byte	-128
 1071 0412 D2       		.byte	-46
 1072 0413 20       		.byte	32
 1073 0414 13       		.byte	19
 1074 0415 40       		.byte	64
 1075 0416 94       		.byte	-108
 1076 0417 40       		.byte	64
 1077 0418 97       		.byte	-105
 1078 0419 40       		.byte	64
 1079 041a C4       		.byte	-60
 1080 041b 40       		.byte	64
 1081 041c 33       		.byte	51
 1082 041d 80       		.byte	-128
 1083 041e 7D       		.byte	125
ARM GAS  C:\Users\user\AppData\Local\Temp\cczXTWib.s 			page 20


 1084 041f 08       		.byte	8
 1085 0420 8D       		.byte	-115
 1086 0421 04       		.byte	4
 1087 0422 8F       		.byte	-113
 1088 0423 80       		.byte	-128
 1089 0424 CC       		.byte	-52
 1090 0425 08       		.byte	8
 1091 0426 DE       		.byte	-34
 1092 0427 01       		.byte	1
 1093 0428 E0       		.byte	-32
 1094 0429 02       		.byte	2
 1095 042a E4       		.byte	-28
 1096 042b 02       		.byte	2
 1097 042c 01       		.byte	1
 1098 042d 08       		.byte	8
 1099 042e 53       		.byte	83
 1100 042f 01       		.byte	1
 1101 0430 C0       		.byte	-64
 1102 0431 08       		.byte	8
 1103 0432 D4       		.byte	-44
 1104 0433 01       		.byte	1
 1105 0434 46       		.byte	70
 1106 0435 40       		.byte	64
 1107 0436 AB       		.byte	-85
 1108 0437 01       		.byte	1
 1109 0438 B5       		.byte	-75
 1110 0439 08       		.byte	8
 1111 043a D0       		.byte	-48
 1112 043b 01       		.byte	1
 1113 043c EA       		.byte	-22
 1114 043d 02       		.byte	2
 1115 043e 9E       		.byte	-98
 1116 043f 40       		.byte	64
 1117 0440 24       		.byte	36
 1118 0441 40       		.byte	64
 1119 0442 27       		.byte	39
 1120 0443 08       		.byte	8
 1121 0444 94       		.byte	-108
 1122 0445 40       		.byte	64
 1123 0446 C8       		.byte	-56
 1124 0447 A0       		.byte	-96
 1125 0448 B3       		.byte	-77
 1126 0449 08       		.byte	8
 1127 044a 9E       		.byte	-98
 1128 044b 40       		.byte	64
 1129 044c B2       		.byte	-78
 1130 044d 40       		.byte	64
 1131 044e EC       		.byte	-20
 1132 044f 01       		.byte	1
 1133 0450 00       		.byte	0
 1134 0451 02       		.byte	2
 1135 0452 0C       		.byte	12
 1136 0453 02       		.byte	2
 1137 0454 0E       		.byte	14
 1138 0455 02       		.byte	2
 1139 0456 00       		.byte	0
 1140 0457 3F       		.byte	63
ARM GAS  C:\Users\user\AppData\Local\Temp\cczXTWib.s 			page 21


 1141 0458 10       		.byte	16
 1142 0459 02       		.byte	2
 1143 045a 12       		.byte	18
 1144 045b 20       		.byte	32
 1145 045c 00       		.byte	0
 1146 045d 00       		.byte	0
 1147 045e 00       		.byte	0
 1148 045f 00       		.byte	0
 1149 0460 00       		.byte	0
 1150 0461 00       		.byte	0
 1151 0462 30       		.byte	48
 1152 0463 00       		.byte	0
 1153 0464 00       		.byte	0
 1154 0465 0B       		.byte	11
 1155 0466 0B       		.byte	11
 1156 0467 00       		.byte	0
 1157 0468 00       		.byte	0
 1158 0469 00       		.byte	0
 1159 046a 00       		.byte	0
 1160 046b 00       		.byte	0
 1161 046c 12       		.byte	18
 1162 046d 00       		.byte	0
 1163 046e 01       		.byte	1
 1164 046f F2       		.byte	-14
 1165 0470 E2       		.byte	-30
 1166 0471 00       		.byte	0
 1167 0472 02       		.byte	2
 1168 0473 00       		.byte	0
 1169 0474 00       		.byte	0
 1170 0475 00       		.byte	0
 1171 0476 00       		.byte	0
 1172 0477 00       		.byte	0
 1173 0478 BB       		.byte	-69
 1174 0479 00       		.byte	0
 1175 047a 18       		.byte	24
 1176 047b 01       		.byte	1
 1177 047c 00       		.byte	0
 1178 047d 0A       		.byte	10
 1179 047e 00       		.byte	0
 1180 047f 00       		.byte	0
 1181              		.section	.cywolatch,"a",%progbits
 1182              		.align	2
 1183              		.type	cy_meta_wonvl, %object
 1184              		.size	cy_meta_wonvl, 4
 1185              	cy_meta_wonvl:
 1186 0000 BC       		.byte	-68
 1187 0001 90       		.byte	-112
 1188 0002 AC       		.byte	-84
 1189 0003 AF       		.byte	-81
 1190              		.section	.cycustnvl,"a",%progbits
 1191              		.align	2
 1192              		.type	cy_meta_custnvl, %object
 1193              		.size	cy_meta_custnvl, 4
 1194              	cy_meta_custnvl:
 1195 0000 00       		.byte	0
 1196 0001 00       		.byte	0
 1197 0002 40       		.byte	64
ARM GAS  C:\Users\user\AppData\Local\Temp\cczXTWib.s 			page 22


 1198 0003 05       		.byte	5
 1199              		.section	.cymeta,"a",%progbits
 1200              		.align	2
 1201              		.type	cy_metadata, %object
 1202              		.size	cy_metadata, 12
 1203              	cy_metadata:
 1204 0000 00       		.byte	0
 1205 0001 01       		.byte	1
 1206 0002 2E       		.byte	46
 1207 0003 16       		.byte	22
 1208 0004 00       		.byte	0
 1209 0005 69       		.byte	105
 1210 0006 00       		.byte	0
 1211 0007 01       		.byte	1
 1212 0008 00       		.byte	0
 1213 0009 00       		.byte	0
 1214 000a 00       		.byte	0
 1215 000b 00       		.byte	0
 1216              		.section	.cyflashprotect,"a",%progbits
 1217              		.align	2
 1218              		.type	cy_meta_flashprotect, %object
 1219              		.size	cy_meta_flashprotect, 256
 1220              	cy_meta_flashprotect:
 1221 0000 00000000 		.space	256
 1221      00000000 
 1221      00000000 
 1221      00000000 
 1221      00000000 
 1222              		.text
 1223              	.Letext0:
 1224              		.file 1 "c:\\program files (x86)\\cypress\\psoc creator\\4.2\\psoc creator\\import\\gnu\\arm\\5.4.
 1225              		.file 2 "c:\\program files (x86)\\cypress\\psoc creator\\4.2\\psoc creator\\import\\gnu\\arm\\5.4.
 1226              		.file 3 "Generated_Source\\PSoC5\\cymetadata.c"
 1227              		.section	.debug_info,"",%progbits
 1228              	.Ldebug_info0:
 1229 0000 32010000 		.4byte	0x132
 1230 0004 0400     		.2byte	0x4
 1231 0006 00000000 		.4byte	.Ldebug_abbrev0
 1232 000a 04       		.byte	0x4
 1233 000b 01       		.uleb128 0x1
 1234 000c 24000000 		.4byte	.LASF17
 1235 0010 0C       		.byte	0xc
 1236 0011 BE010000 		.4byte	.LASF18
 1237 0015 B2000000 		.4byte	.LASF19
 1238 0019 00000000 		.4byte	.Ldebug_line0
 1239 001d 02       		.uleb128 0x2
 1240 001e 01       		.byte	0x1
 1241 001f 06       		.byte	0x6
 1242 0020 B2010000 		.4byte	.LASF0
 1243 0024 03       		.uleb128 0x3
 1244 0025 00000000 		.4byte	.LASF9
 1245 0029 01       		.byte	0x1
 1246 002a 1D       		.byte	0x1d
 1247 002b 2F000000 		.4byte	0x2f
 1248 002f 02       		.uleb128 0x2
 1249 0030 01       		.byte	0x1
 1250 0031 08       		.byte	0x8
ARM GAS  C:\Users\user\AppData\Local\Temp\cczXTWib.s 			page 23


 1251 0032 16000000 		.4byte	.LASF1
 1252 0036 02       		.uleb128 0x2
 1253 0037 02       		.byte	0x2
 1254 0038 05       		.byte	0x5
 1255 0039 9F010000 		.4byte	.LASF2
 1256 003d 02       		.uleb128 0x2
 1257 003e 02       		.byte	0x2
 1258 003f 07       		.byte	0x7
 1259 0040 F2000000 		.4byte	.LASF3
 1260 0044 02       		.uleb128 0x2
 1261 0045 04       		.byte	0x4
 1262 0046 05       		.byte	0x5
 1263 0047 A9010000 		.4byte	.LASF4
 1264 004b 02       		.uleb128 0x2
 1265 004c 04       		.byte	0x4
 1266 004d 07       		.byte	0x7
 1267 004e 05010000 		.4byte	.LASF5
 1268 0052 02       		.uleb128 0x2
 1269 0053 08       		.byte	0x8
 1270 0054 05       		.byte	0x5
 1271 0055 91010000 		.4byte	.LASF6
 1272 0059 02       		.uleb128 0x2
 1273 005a 08       		.byte	0x8
 1274 005b 07       		.byte	0x7
 1275 005c 46010000 		.4byte	.LASF7
 1276 0060 04       		.uleb128 0x4
 1277 0061 04       		.byte	0x4
 1278 0062 05       		.byte	0x5
 1279 0063 696E7400 		.ascii	"int\000"
 1280 0067 02       		.uleb128 0x2
 1281 0068 04       		.byte	0x4
 1282 0069 07       		.byte	0x7
 1283 006a 39010000 		.4byte	.LASF8
 1284 006e 03       		.uleb128 0x3
 1285 006f 5D010000 		.4byte	.LASF10
 1286 0073 02       		.byte	0x2
 1287 0074 18       		.byte	0x18
 1288 0075 24000000 		.4byte	0x24
 1289 0079 05       		.uleb128 0x5
 1290 007a 91000000 		.4byte	0x91
 1291 007e 8A000000 		.4byte	0x8a
 1292 0082 06       		.uleb128 0x6
 1293 0083 8A000000 		.4byte	0x8a
 1294 0087 7F04     		.2byte	0x47f
 1295 0089 00       		.byte	0
 1296 008a 02       		.uleb128 0x2
 1297 008b 04       		.byte	0x4
 1298 008c 07       		.byte	0x7
 1299 008d 88010000 		.4byte	.LASF11
 1300 0091 07       		.uleb128 0x7
 1301 0092 6E000000 		.4byte	0x6e
 1302 0096 08       		.uleb128 0x8
 1303 0097 27010000 		.4byte	.LASF12
 1304 009b 03       		.byte	0x3
 1305 009c 1F       		.byte	0x1f
 1306 009d A7000000 		.4byte	0xa7
 1307 00a1 05       		.uleb128 0x5
ARM GAS  C:\Users\user\AppData\Local\Temp\cczXTWib.s 			page 24


 1308 00a2 03       		.byte	0x3
 1309 00a3 00000000 		.4byte	cy_meta_configecc
 1310 00a7 07       		.uleb128 0x7
 1311 00a8 79000000 		.4byte	0x79
 1312 00ac 05       		.uleb128 0x5
 1313 00ad 91000000 		.4byte	0x91
 1314 00b1 BC000000 		.4byte	0xbc
 1315 00b5 09       		.uleb128 0x9
 1316 00b6 8A000000 		.4byte	0x8a
 1317 00ba 03       		.byte	0x3
 1318 00bb 00       		.byte	0
 1319 00bc 08       		.uleb128 0x8
 1320 00bd 17010000 		.4byte	.LASF13
 1321 00c1 03       		.byte	0x3
 1322 00c2 BC       		.byte	0xbc
 1323 00c3 CD000000 		.4byte	0xcd
 1324 00c7 05       		.uleb128 0x5
 1325 00c8 03       		.byte	0x3
 1326 00c9 00000000 		.4byte	cy_meta_custnvl
 1327 00cd 07       		.uleb128 0x7
 1328 00ce AC000000 		.4byte	0xac
 1329 00d2 08       		.uleb128 0x8
 1330 00d3 7A010000 		.4byte	.LASF14
 1331 00d7 03       		.byte	0x3
 1332 00d8 CA       		.byte	0xca
 1333 00d9 E3000000 		.4byte	0xe3
 1334 00dd 05       		.uleb128 0x5
 1335 00de 03       		.byte	0x3
 1336 00df 00000000 		.4byte	cy_meta_wonvl
 1337 00e3 07       		.uleb128 0x7
 1338 00e4 AC000000 		.4byte	0xac
 1339 00e8 05       		.uleb128 0x5
 1340 00e9 91000000 		.4byte	0x91
 1341 00ed F8000000 		.4byte	0xf8
 1342 00f1 09       		.uleb128 0x9
 1343 00f2 8A000000 		.4byte	0x8a
 1344 00f6 FF       		.byte	0xff
 1345 00f7 00       		.byte	0
 1346 00f8 08       		.uleb128 0x8
 1347 00f9 65010000 		.4byte	.LASF15
 1348 00fd 03       		.byte	0x3
 1349 00fe D8       		.byte	0xd8
 1350 00ff 09010000 		.4byte	0x109
 1351 0103 05       		.uleb128 0x5
 1352 0104 03       		.byte	0x3
 1353 0105 00000000 		.4byte	cy_meta_flashprotect
 1354 0109 07       		.uleb128 0x7
 1355 010a E8000000 		.4byte	0xe8
 1356 010e 05       		.uleb128 0x5
 1357 010f 91000000 		.4byte	0x91
 1358 0113 1E010000 		.4byte	0x11e
 1359 0117 09       		.uleb128 0x9
 1360 0118 8A000000 		.4byte	0x8a
 1361 011c 0B       		.byte	0xb
 1362 011d 00       		.byte	0
 1363 011e 0A       		.uleb128 0xa
 1364 011f 0A000000 		.4byte	.LASF16
ARM GAS  C:\Users\user\AppData\Local\Temp\cczXTWib.s 			page 25


 1365 0123 03       		.byte	0x3
 1366 0124 0501     		.2byte	0x105
 1367 0126 30010000 		.4byte	0x130
 1368 012a 05       		.uleb128 0x5
 1369 012b 03       		.byte	0x3
 1370 012c 00000000 		.4byte	cy_metadata
 1371 0130 07       		.uleb128 0x7
 1372 0131 0E010000 		.4byte	0x10e
 1373 0135 00       		.byte	0
 1374              		.section	.debug_abbrev,"",%progbits
 1375              	.Ldebug_abbrev0:
 1376 0000 01       		.uleb128 0x1
 1377 0001 11       		.uleb128 0x11
 1378 0002 01       		.byte	0x1
 1379 0003 25       		.uleb128 0x25
 1380 0004 0E       		.uleb128 0xe
 1381 0005 13       		.uleb128 0x13
 1382 0006 0B       		.uleb128 0xb
 1383 0007 03       		.uleb128 0x3
 1384 0008 0E       		.uleb128 0xe
 1385 0009 1B       		.uleb128 0x1b
 1386 000a 0E       		.uleb128 0xe
 1387 000b 10       		.uleb128 0x10
 1388 000c 17       		.uleb128 0x17
 1389 000d 00       		.byte	0
 1390 000e 00       		.byte	0
 1391 000f 02       		.uleb128 0x2
 1392 0010 24       		.uleb128 0x24
 1393 0011 00       		.byte	0
 1394 0012 0B       		.uleb128 0xb
 1395 0013 0B       		.uleb128 0xb
 1396 0014 3E       		.uleb128 0x3e
 1397 0015 0B       		.uleb128 0xb
 1398 0016 03       		.uleb128 0x3
 1399 0017 0E       		.uleb128 0xe
 1400 0018 00       		.byte	0
 1401 0019 00       		.byte	0
 1402 001a 03       		.uleb128 0x3
 1403 001b 16       		.uleb128 0x16
 1404 001c 00       		.byte	0
 1405 001d 03       		.uleb128 0x3
 1406 001e 0E       		.uleb128 0xe
 1407 001f 3A       		.uleb128 0x3a
 1408 0020 0B       		.uleb128 0xb
 1409 0021 3B       		.uleb128 0x3b
 1410 0022 0B       		.uleb128 0xb
 1411 0023 49       		.uleb128 0x49
 1412 0024 13       		.uleb128 0x13
 1413 0025 00       		.byte	0
 1414 0026 00       		.byte	0
 1415 0027 04       		.uleb128 0x4
 1416 0028 24       		.uleb128 0x24
 1417 0029 00       		.byte	0
 1418 002a 0B       		.uleb128 0xb
 1419 002b 0B       		.uleb128 0xb
 1420 002c 3E       		.uleb128 0x3e
 1421 002d 0B       		.uleb128 0xb
ARM GAS  C:\Users\user\AppData\Local\Temp\cczXTWib.s 			page 26


 1422 002e 03       		.uleb128 0x3
 1423 002f 08       		.uleb128 0x8
 1424 0030 00       		.byte	0
 1425 0031 00       		.byte	0
 1426 0032 05       		.uleb128 0x5
 1427 0033 01       		.uleb128 0x1
 1428 0034 01       		.byte	0x1
 1429 0035 49       		.uleb128 0x49
 1430 0036 13       		.uleb128 0x13
 1431 0037 01       		.uleb128 0x1
 1432 0038 13       		.uleb128 0x13
 1433 0039 00       		.byte	0
 1434 003a 00       		.byte	0
 1435 003b 06       		.uleb128 0x6
 1436 003c 21       		.uleb128 0x21
 1437 003d 00       		.byte	0
 1438 003e 49       		.uleb128 0x49
 1439 003f 13       		.uleb128 0x13
 1440 0040 2F       		.uleb128 0x2f
 1441 0041 05       		.uleb128 0x5
 1442 0042 00       		.byte	0
 1443 0043 00       		.byte	0
 1444 0044 07       		.uleb128 0x7
 1445 0045 26       		.uleb128 0x26
 1446 0046 00       		.byte	0
 1447 0047 49       		.uleb128 0x49
 1448 0048 13       		.uleb128 0x13
 1449 0049 00       		.byte	0
 1450 004a 00       		.byte	0
 1451 004b 08       		.uleb128 0x8
 1452 004c 34       		.uleb128 0x34
 1453 004d 00       		.byte	0
 1454 004e 03       		.uleb128 0x3
 1455 004f 0E       		.uleb128 0xe
 1456 0050 3A       		.uleb128 0x3a
 1457 0051 0B       		.uleb128 0xb
 1458 0052 3B       		.uleb128 0x3b
 1459 0053 0B       		.uleb128 0xb
 1460 0054 49       		.uleb128 0x49
 1461 0055 13       		.uleb128 0x13
 1462 0056 3F       		.uleb128 0x3f
 1463 0057 19       		.uleb128 0x19
 1464 0058 02       		.uleb128 0x2
 1465 0059 18       		.uleb128 0x18
 1466 005a 00       		.byte	0
 1467 005b 00       		.byte	0
 1468 005c 09       		.uleb128 0x9
 1469 005d 21       		.uleb128 0x21
 1470 005e 00       		.byte	0
 1471 005f 49       		.uleb128 0x49
 1472 0060 13       		.uleb128 0x13
 1473 0061 2F       		.uleb128 0x2f
 1474 0062 0B       		.uleb128 0xb
 1475 0063 00       		.byte	0
 1476 0064 00       		.byte	0
 1477 0065 0A       		.uleb128 0xa
 1478 0066 34       		.uleb128 0x34
ARM GAS  C:\Users\user\AppData\Local\Temp\cczXTWib.s 			page 27


 1479 0067 00       		.byte	0
 1480 0068 03       		.uleb128 0x3
 1481 0069 0E       		.uleb128 0xe
 1482 006a 3A       		.uleb128 0x3a
 1483 006b 0B       		.uleb128 0xb
 1484 006c 3B       		.uleb128 0x3b
 1485 006d 05       		.uleb128 0x5
 1486 006e 49       		.uleb128 0x49
 1487 006f 13       		.uleb128 0x13
 1488 0070 3F       		.uleb128 0x3f
 1489 0071 19       		.uleb128 0x19
 1490 0072 02       		.uleb128 0x2
 1491 0073 18       		.uleb128 0x18
 1492 0074 00       		.byte	0
 1493 0075 00       		.byte	0
 1494 0076 00       		.byte	0
 1495              		.section	.debug_aranges,"",%progbits
 1496 0000 14000000 		.4byte	0x14
 1497 0004 0200     		.2byte	0x2
 1498 0006 00000000 		.4byte	.Ldebug_info0
 1499 000a 04       		.byte	0x4
 1500 000b 00       		.byte	0
 1501 000c 0000     		.2byte	0
 1502 000e 0000     		.2byte	0
 1503 0010 00000000 		.4byte	0
 1504 0014 00000000 		.4byte	0
 1505              		.section	.debug_line,"",%progbits
 1506              	.Ldebug_line0:
 1507 0000 3D010000 		.section	.debug_str,"MS",%progbits,1
 1507      02003701 
 1507      00000201 
 1507      FB0E0D00 
 1507      01010101 
 1508              	.LASF9:
 1509 0000 5F5F7569 		.ascii	"__uint8_t\000"
 1509      6E74385F 
 1509      7400
 1510              	.LASF16:
 1511 000a 63795F6D 		.ascii	"cy_metadata\000"
 1511      65746164 
 1511      61746100 
 1512              	.LASF1:
 1513 0016 756E7369 		.ascii	"unsigned char\000"
 1513      676E6564 
 1513      20636861 
 1513      7200
 1514              	.LASF17:
 1515 0024 474E5520 		.ascii	"GNU C11 5.4.1 20160609 (release) [ARM/embedded-5-br"
 1515      43313120 
 1515      352E342E 
 1515      31203230 
 1515      31363036 
 1516 0057 616E6368 		.ascii	"anch revision 237715] -mcpu=cortex-m3 -mthumb -g -O"
 1516      20726576 
 1516      6973696F 
 1516      6E203233 
 1516      37373135 
ARM GAS  C:\Users\user\AppData\Local\Temp\cczXTWib.s 			page 28


 1517 008a 67202D66 		.ascii	"g -ffunction-sections -ffat-lto-objects\000"
 1517      66756E63 
 1517      74696F6E 
 1517      2D736563 
 1517      74696F6E 
 1518              	.LASF19:
 1519 00b2 433A5C55 		.ascii	"C:\\Users\\user\\Downloads\\Project_SDHD\\Project_S"
 1519      73657273 
 1519      5C757365 
 1519      725C446F 
 1519      776E6C6F 
 1520 00e0 4448445C 		.ascii	"DHD\\01_SDHD.cydsn\000"
 1520      30315F53 
 1520      4448442E 
 1520      63796473 
 1520      6E00
 1521              	.LASF3:
 1522 00f2 73686F72 		.ascii	"short unsigned int\000"
 1522      7420756E 
 1522      7369676E 
 1522      65642069 
 1522      6E7400
 1523              	.LASF5:
 1524 0105 6C6F6E67 		.ascii	"long unsigned int\000"
 1524      20756E73 
 1524      69676E65 
 1524      6420696E 
 1524      7400
 1525              	.LASF13:
 1526 0117 63795F6D 		.ascii	"cy_meta_custnvl\000"
 1526      6574615F 
 1526      63757374 
 1526      6E766C00 
 1527              	.LASF12:
 1528 0127 63795F6D 		.ascii	"cy_meta_configecc\000"
 1528      6574615F 
 1528      636F6E66 
 1528      69676563 
 1528      6300
 1529              	.LASF8:
 1530 0139 756E7369 		.ascii	"unsigned int\000"
 1530      676E6564 
 1530      20696E74 
 1530      00
 1531              	.LASF7:
 1532 0146 6C6F6E67 		.ascii	"long long unsigned int\000"
 1532      206C6F6E 
 1532      6720756E 
 1532      7369676E 
 1532      65642069 
 1533              	.LASF10:
 1534 015d 75696E74 		.ascii	"uint8_t\000"
 1534      385F7400 
 1535              	.LASF15:
 1536 0165 63795F6D 		.ascii	"cy_meta_flashprotect\000"
 1536      6574615F 
 1536      666C6173 
ARM GAS  C:\Users\user\AppData\Local\Temp\cczXTWib.s 			page 29


 1536      6870726F 
 1536      74656374 
 1537              	.LASF14:
 1538 017a 63795F6D 		.ascii	"cy_meta_wonvl\000"
 1538      6574615F 
 1538      776F6E76 
 1538      6C00
 1539              	.LASF11:
 1540 0188 73697A65 		.ascii	"sizetype\000"
 1540      74797065 
 1540      00
 1541              	.LASF6:
 1542 0191 6C6F6E67 		.ascii	"long long int\000"
 1542      206C6F6E 
 1542      6720696E 
 1542      7400
 1543              	.LASF2:
 1544 019f 73686F72 		.ascii	"short int\000"
 1544      7420696E 
 1544      7400
 1545              	.LASF4:
 1546 01a9 6C6F6E67 		.ascii	"long int\000"
 1546      20696E74 
 1546      00
 1547              	.LASF0:
 1548 01b2 7369676E 		.ascii	"signed char\000"
 1548      65642063 
 1548      68617200 
 1549              	.LASF18:
 1550 01be 47656E65 		.ascii	"Generated_Source\\PSoC5\\cymetadata.c\000"
 1550      72617465 
 1550      645F536F 
 1550      75726365 
 1550      5C50536F 
 1551              		.ident	"GCC: (GNU Tools for ARM Embedded Processors) 5.4.1 20160609 (release) [ARM/embedded-5-bran
